<?xml version="1.0" encoding="UTF-8"?>
<!-- Generated by org.testng.reporters.JUnitReportReporter -->
<testsuite hostname="VINOTH" failures="0" tests="2" name="com.TestNG_Aug.My_Test" time="0.015" errors="0" timestamp="2022-08-24T07:09:08 IST" skipped="0">
  <testcase classname="com.TestNG_Aug.My_Test" name="softwareTesting" time="0.002"/>
  <system-out/>
  <testcase classname="com.TestNG_Aug.My_Test" name="softwareDevloper" time="0.013"/>
  <system-out/>
</testsuite> <!-- com.TestNG_Aug.My_Test -->
