<?xml version="1.0" encoding="UTF-8"?>
<!-- Generated by org.testng.reporters.JUnitReportReporter -->
<testsuite hostname="VINOTH" failures="0" tests="1" name="com.TestNG_Aug.ExcepectedException" time="0.021" errors="0" timestamp="2022-08-19T06:54:23 IST" skipped="0">
  <testcase classname="com.TestNG_Aug.ExcepectedException" name="calculation_Math" time="0.021"/>
  <system-out/>
</testsuite> <!-- com.TestNG_Aug.ExcepectedException -->
