<?xml version="1.0" encoding="UTF-8"?>
<!-- Generated by org.testng.reporters.JUnitReportReporter -->
<testsuite skipped="0" hostname="VINOTH" name="com.TestNG_Aug.Grouping" tests="7" failures="0" timestamp="2023-01-25T06:19:43 IST" time="0.053" errors="0">
  <testcase name="faceBook" time="0.004" classname="com.TestNG_Aug.Grouping"/>
  <system-out/>
  <testcase name="Instagram" time="0.025" classname="com.TestNG_Aug.Grouping"/>
  <system-out/>
  <testcase name="Twitter" time="0.008" classname="com.TestNG_Aug.Grouping"/>
  <system-out/>
  <testcase name="foodBall" time="0.005" classname="com.TestNG_Aug.Grouping"/>
  <system-out/>
  <testcase name="Youtube" time="0.003" classname="com.TestNG_Aug.Grouping"/>
  <system-out/>
  <testcase name="chessGame" time="0.003" classname="com.TestNG_Aug.Grouping"/>
  <system-out/>
  <testcase name="criket" time="0.005" classname="com.TestNG_Aug.Grouping"/>
  <system-out/>
</testsuite> <!-- com.TestNG_Aug.Grouping -->
