<?xml version="1.0" encoding="UTF-8"?>
<!-- Generated by org.testng.reporters.JUnitReportReporter -->
<testsuite hostname="VINOTH" failures="0" tests="3" name="com.TestNG_Aug.IgnoreTest" time="0.018" errors="0" timestamp="2022-08-19T06:35:54 IST" skipped="2">
  <testcase classname="com.TestNG_Aug.IgnoreTest" name="hockeyGame" time="0.018"/>
  <system-out/>
  <testcase classname="com.TestNG_Aug.IgnoreTest" name="ChessGame">
    <skipped/>
  </testcase> <!-- ChessGame -->
  <system-out/>
  <testcase classname="com.TestNG_Aug.IgnoreTest" name="shuttleGame">
    <skipped/>
  </testcase> <!-- shuttleGame -->
  <system-out/>
</testsuite> <!-- com.TestNG_Aug.IgnoreTest -->
