<?xml version="1.0" encoding="UTF-8"?>
<!-- Generated by org.testng.reporters.JUnitReportReporter -->
<testsuite skipped="0" hostname="VINOTH" name="com.TestNG_Aug.DataProviderAnnotation" tests="3" failures="0" timestamp="2023-01-23T14:23:13 IST" time="32.941" errors="0">
  <testcase name="loginScenario" time="10.210" classname="com.TestNG_Aug.DataProviderAnnotation"/>
  <system-out/>
  <testcase name="loginScenario" time="8.311" classname="com.TestNG_Aug.DataProviderAnnotation"/>
  <system-out/>
  <testcase name="loginScenario" time="14.420" classname="com.TestNG_Aug.DataProviderAnnotation"/>
  <system-out/>
</testsuite> <!-- com.TestNG_Aug.DataProviderAnnotation -->
