<?xml version="1.0" encoding="UTF-8"?>
<!-- Generated by org.testng.reporters.JUnitReportReporter -->
<testsuite hostname="VINOTH" failures="0" tests="1" name="com.TestNG_Aug.TimeOutException" time="3.044" errors="0" timestamp="2022-08-22T05:59:29 IST" skipped="0">
  <testcase classname="com.TestNG_Aug.TimeOutException" name="loginPage" time="3.044"/>
  <system-out/>
</testsuite> <!-- com.TestNG_Aug.TimeOutException -->
