<?xml version="1.0" encoding="UTF-8"?>
<!-- Generated by org.testng.reporters.JUnitReportReporter -->
<testsuite hostname="VINOTH" failures="0" tests="4" name="com.TestNG_Aug.Simple_Annotation" time="0.052" errors="0" timestamp="2022-08-14T10:29:07 IST" skipped="0">
  <testcase classname="com.TestNG_Aug.Simple_Annotation" name="T_Shirt" time="0.009"/>
  <system-out/>
  <testcase classname="com.TestNG_Aug.Simple_Annotation" name="CasualShirt" time="0.022"/>
  <system-out/>
  <testcase classname="com.TestNG_Aug.Simple_Annotation" name="Select_Dress" time="0.013"/>
  <system-out/>
  <testcase classname="com.TestNG_Aug.Simple_Annotation" name="FormalShirt" time="0.008"/>
  <system-out/>
</testsuite> <!-- com.TestNG_Aug.Simple_Annotation -->
