<?xml version="1.0" encoding="UTF-8"?>
<!-- Generated by org.testng.reporters.JUnitReportReporter -->
<testsuite hostname="VINOTH" failures="0" tests="2" name="com.TestNG_Aug.ParallelTest" time="24.991" errors="0" timestamp="2022-08-22T04:36:47 IST" skipped="0">
  <testcase classname="com.TestNG_Aug.ParallelTest" name="amezonSite" time="11.603"/>
  <system-out/>
  <testcase classname="com.TestNG_Aug.ParallelTest" name="FlipkartSite" time="13.388"/>
  <system-out/>
</testsuite> <!-- com.TestNG_Aug.ParallelTest -->
