<?xml version="1.0" encoding="UTF-8"?>
<!-- Generated by org.testng.reporters.JUnitReportReporter -->
<testsuite hostname="VINOTH" failures="0" tests="1" name="com.TestNG_Aug.perameterAnnotation" time="0.015" errors="0" timestamp="2022-08-22T05:19:42 IST" skipped="0">
  <testcase classname="com.TestNG_Aug.perameterAnnotation" name="creandentialData" time="0.015"/>
  <system-out/>
</testsuite> <!-- com.TestNG_Aug.perameterAnnotation -->
