<?xml version="1.0" encoding="UTF-8"?>
<!-- Generated by org.testng.reporters.JUnitReportReporter -->
<testsuite hostname="VINOTH" failures="0" tests="9" name="com.TestNG_Aug.InvocationCount" time="0.132" errors="0" timestamp="2022-12-28T16:57:02 IST" skipped="1">
  <testcase classname="com.TestNG_Aug.InvocationCount" name="shoe" time="0.006"/>
  <system-out/>
  <testcase classname="com.TestNG_Aug.InvocationCount" name="shoe" time="0.067"/>
  <system-out/>
  <testcase classname="com.TestNG_Aug.InvocationCount" name="selectSari" time="0.016"/>
  <system-out/>
  <testcase classname="com.TestNG_Aug.InvocationCount" name="selectSari" time="0.006"/>
  <system-out/>
  <testcase classname="com.TestNG_Aug.InvocationCount" name="T_shirt" time="0.006"/>
  <system-out/>
  <testcase classname="com.TestNG_Aug.InvocationCount" name="T_shirt" time="0.019"/>
  <system-out/>
  <testcase classname="com.TestNG_Aug.InvocationCount" name="T_shirt" time="0.003"/>
  <system-out/>
  <testcase classname="com.TestNG_Aug.InvocationCount" name="selecteOfDress" time="0.009"/>
  <system-out/>
  <testcase classname="com.TestNG_Aug.InvocationCount" name="coton_Shirt">
    <skipped/>
  </testcase> <!-- coton_Shirt -->
  <system-out/>
</testsuite> <!-- com.TestNG_Aug.InvocationCount -->
