<?xml version="1.0" encoding="UTF-8"?>
<!-- Generated by org.testng.reporters.JUnitReportReporter -->
<testsuite skipped="0" hostname="VINOTH" name="com.TestNG_Aug.DependsOnMethod" tests="3" failures="0" timestamp="2023-01-23T12:50:50 IST" time="0.030" errors="0">
  <testcase name="DwaliDiscount" time="0.003" classname="com.TestNG_Aug.DependsOnMethod"/>
  <system-out/>
  <testcase name="mobileOffer" time="0.009" classname="com.TestNG_Aug.DependsOnMethod"/>
  <system-out/>
  <testcase name="laptopOffer" time="0.018" classname="com.TestNG_Aug.DependsOnMethod"/>
  <system-out/>
</testsuite> <!-- com.TestNG_Aug.DependsOnMethod -->
