<?xml version="1.0" encoding="UTF-8"?>
<!-- Generated by org.testng.reporters.JUnitReportReporter -->
<testsuite hostname="VINOTH" failures="0" tests="9" name="com.TestNG_Aug.Priority_Annotation" time="0.035" errors="0" timestamp="2022-08-16T22:56:25 IST" skipped="1">
  <testcase classname="com.TestNG_Aug.Priority_Annotation" name="shoe" time="0.004"/>
  <system-out/>
  <testcase classname="com.TestNG_Aug.Priority_Annotation" name="shoe" time="0.010"/>
  <system-out/>
  <testcase classname="com.TestNG_Aug.Priority_Annotation" name="selectSari" time="0.002"/>
  <system-out/>
  <testcase classname="com.TestNG_Aug.Priority_Annotation" name="selectSari" time="0.004"/>
  <system-out/>
  <testcase classname="com.TestNG_Aug.Priority_Annotation" name="T_shirt" time="0.005"/>
  <system-out/>
  <testcase classname="com.TestNG_Aug.Priority_Annotation" name="T_shirt" time="0.005"/>
  <system-out/>
  <testcase classname="com.TestNG_Aug.Priority_Annotation" name="T_shirt" time="0.002"/>
  <system-out/>
  <testcase classname="com.TestNG_Aug.Priority_Annotation" name="selecteOfDress" time="0.003"/>
  <system-out/>
  <testcase classname="com.TestNG_Aug.Priority_Annotation" name="coton_Shirt">
    <skipped/>
  </testcase> <!-- coton_Shirt -->
  <system-out/>
</testsuite> <!-- com.TestNG_Aug.Priority_Annotation -->
